time="2021-03-26T08:57:22+08:00" level=info msg="----查询用户列表开始-----"
time="2021-03-26T08:57:24+08:00" level=info msg="----查询用户列表开始-----"
time="2021-03-26T08:57:37+08:00" level=info msg="----查询用户列表开始-----"
time="2021-03-26T08:57:51+08:00" level=info msg="----查询用户开始-----"
time="2021-03-26T08:57:51+08:00" level=info msg="----查询用户列表开始-----"
time="2021-03-26T08:58:58+08:00" level=info msg="----查询用户列表开始-----"
time="2021-03-26T08:59:01+08:00" level=info msg="----查询用户列表开始-----"
time="2021-03-26T08:59:05+08:00" level=info msg="----删除用户列表开始-----"
time="2021-03-26T08:59:05+08:00" level=info msg="----查询用户列表开始-----"
time="2021-03-26T08:59:12+08:00" level=info msg="----查询用户列表开始-----"
time="2021-03-26T09:00:21+08:00" level=info msg="----查询用户列表开始-----"
time="2021-03-26T09:00:25+08:00" level=info msg="----查询用户列表开始-----"
time="2021-03-26T09:00:54+08:00" level=info msg="----查询用户开始-----"
time="2021-03-26T09:00:54+08:00" level=info msg="----查询用户列表开始-----"
time="2021-03-26T09:08:30+08:00" level=info msg="----查询用户列表开始-----"
time="2021-03-26T09:10:39+08:00" level=info msg="----查询用户列表开始-----"
time="2021-03-26T09:10:52+08:00" level=info msg="----查询用户列表开始-----"
time="2021-03-26T09:11:32+08:00" level=info msg="----查询用户列表开始-----"
time="2021-03-26T09:11:38+08:00" level=info msg="----查询用户列表开始-----"
time="2021-03-26T09:11:43+08:00" level=info msg="----查询用户列表开始-----"
time="2021-03-26T09:12:03+08:00" level=info msg="----查询用户列表开始-----"
time="2021-03-26T09:12:21+08:00" level=info msg="----查询用户开始-----"
time="2021-03-26T09:12:21+08:00" level=error msg="BindJSON failed!"
time="2021-03-26T09:12:22+08:00" level=info msg="----查询用户开始-----"
time="2021-03-26T09:12:22+08:00" level=error msg="BindJSON failed!"
time="2021-03-26T09:12:23+08:00" level=info msg="----查询用户开始-----"
time="2021-03-26T09:12:23+08:00" level=error msg="BindJSON failed!"
time="2021-03-26T09:12:23+08:00" level=info msg="----查询用户开始-----"
time="2021-03-26T09:12:23+08:00" level=error msg="BindJSON failed!"
time="2021-03-26T09:12:26+08:00" level=info msg="----查询用户开始-----"
time="2021-03-26T09:12:26+08:00" level=info msg="----查询用户列表开始-----"
time="2021-03-26T09:13:37+08:00" level=info msg="----查询用户列表开始-----"
time="2021-03-26T09:13:52+08:00" level=info msg="----查询用户列表开始-----"
time="2021-03-26T09:14:16+08:00" level=info msg="----查询用户开始-----"
time="2021-03-26T09:14:16+08:00" level=info msg="----查询用户列表开始-----"
time="2021-03-26T09:14:22+08:00" level=info msg="----查询用户开始-----"
time="2021-03-26T09:14:22+08:00" level=info msg="----查询用户列表开始-----"
time="2021-03-26T09:14:40+08:00" level=info msg="----查询用户开始-----"
time="2021-03-26T09:14:40+08:00" level=info msg="----查询用户列表开始-----"
time="2021-03-26T09:20:35+08:00" level=info msg="----查询用户列表开始-----"
time="2021-03-26T09:22:41+08:00" level=info msg="----查询用户列表开始-----"
time="2021-03-26T09:22:48+08:00" level=info msg="----查询用户开始-----"
time="2021-03-26T09:22:48+08:00" level=error msg="BindJSON failed!"
time="2021-03-26T09:22:49+08:00" level=info msg="----查询用户开始-----"
time="2021-03-26T09:22:49+08:00" level=error msg="BindJSON failed!"
time="2021-03-26T09:22:49+08:00" level=info msg="----查询用户开始-----"
time="2021-03-26T09:22:49+08:00" level=error msg="BindJSON failed!"
time="2021-03-26T09:22:50+08:00" level=info msg="----查询用户开始-----"
time="2021-03-26T09:22:50+08:00" level=error msg="BindJSON failed!"
time="2021-03-26T09:22:50+08:00" level=info msg="----查询用户开始-----"
time="2021-03-26T09:22:50+08:00" level=error msg="BindJSON failed!"
time="2021-03-26T09:22:50+08:00" level=info msg="----查询用户开始-----"
time="2021-03-26T09:22:50+08:00" level=error msg="BindJSON failed!"
time="2021-03-26T09:22:50+08:00" level=info msg="----查询用户开始-----"
time="2021-03-26T09:22:50+08:00" level=error msg="BindJSON failed!"
time="2021-03-26T09:22:50+08:00" level=info msg="----查询用户开始-----"
time="2021-03-26T09:22:50+08:00" level=error msg="BindJSON failed!"
time="2021-03-26T09:22:51+08:00" level=info msg="----查询用户开始-----"
time="2021-03-26T09:22:51+08:00" level=error msg="BindJSON failed!"
time="2021-03-26T09:22:53+08:00" level=info msg="----查询用户开始-----"
time="2021-03-26T09:22:54+08:00" level=info msg="----查询用户列表开始-----"
time="2021-03-26T09:26:48+08:00" level=info msg="----查询用户列表开始-----"
time="2021-03-26T09:27:38+08:00" level=info msg="----查询用户列表开始-----"
time="2021-03-26T09:28:37+08:00" level=info msg="----查询用户列表开始-----"
time="2021-03-26T09:30:17+08:00" level=info msg="----查询用户列表开始-----"
time="2021-03-26T09:31:28+08:00" level=info msg="----查询用户列表开始-----"
time="2021-03-26T09:31:35+08:00" level=info msg="----查询用户列表开始-----"
time="2021-03-26T09:44:00+08:00" level=info msg="----查询用户开始-----"
time="2021-03-26T09:44:00+08:00" level=error msg="BindJSON failed!"
time="2021-03-26T09:44:01+08:00" level=info msg="----查询用户开始-----"
time="2021-03-26T09:44:01+08:00" level=error msg="BindJSON failed!"
time="2021-03-26T09:44:01+08:00" level=info msg="----查询用户开始-----"
time="2021-03-26T09:44:01+08:00" level=error msg="BindJSON failed!"
time="2021-03-26T09:44:01+08:00" level=info msg="----查询用户开始-----"
time="2021-03-26T09:44:01+08:00" level=error msg="BindJSON failed!"
time="2021-03-26T09:44:02+08:00" level=info msg="----查询用户开始-----"
time="2021-03-26T09:44:02+08:00" level=error msg="BindJSON failed!"
time="2021-03-26T09:44:02+08:00" level=info msg="----查询用户开始-----"
time="2021-03-26T09:44:02+08:00" level=error msg="BindJSON failed!"
time="2021-03-26T09:44:45+08:00" level=info msg="----查询用户列表开始-----"
time="2021-03-26T09:44:54+08:00" level=info msg="----查询用户开始-----"
time="2021-03-26T09:44:54+08:00" level=info msg="----查询用户列表开始-----"
time="2021-03-26T09:45:04+08:00" level=info msg="----删除用户列表开始-----"
time="2021-03-26T09:45:04+08:00" level=info msg="----查询用户列表开始-----"
time="2021-03-26T09:45:07+08:00" level=info msg="----查询用户列表开始-----"
time="2021-03-26T09:45:08+08:00" level=info msg="----查询用户列表开始-----"
time="2021-03-26T09:45:08+08:00" level=info msg="----查询用户列表开始-----"
time="2021-03-26T09:45:09+08:00" level=info msg="----查询用户列表开始-----"
time="2021-03-26T09:45:22+08:00" level=info msg="----删除用户列表开始-----"
time="2021-03-26T09:45:22+08:00" level=info msg="----查询用户列表开始-----"
time="2021-03-26T09:45:25+08:00" level=info msg="----删除用户列表开始-----"
time="2021-03-26T09:45:25+08:00" level=info msg="----查询用户列表开始-----"
time="2021-03-26T09:45:29+08:00" level=info msg="----查询用户列表开始-----"
time="2021-03-26T09:45:29+08:00" level=info msg="----查询用户列表开始-----"
time="2021-03-26T09:45:32+08:00" level=info msg="----删除用户列表开始-----"
time="2021-03-26T09:45:32+08:00" level=info msg="----查询用户列表开始-----"
time="2021-03-26T09:45:36+08:00" level=info msg="----删除用户列表开始-----"
time="2021-03-26T09:45:36+08:00" level=info msg="----查询用户列表开始-----"
time="2021-03-26T09:45:40+08:00" level=info msg="----删除用户列表开始-----"
time="2021-03-26T09:45:40+08:00" level=info msg="----查询用户列表开始-----"
time="2021-03-26T09:45:43+08:00" level=info msg="----删除用户列表开始-----"
time="2021-03-26T09:45:43+08:00" level=info msg="----查询用户列表开始-----"
time="2021-03-26T09:45:46+08:00" level=info msg="----删除用户列表开始-----"
time="2021-03-26T09:45:46+08:00" level=info msg="----查询用户列表开始-----"
time="2021-03-26T09:45:53+08:00" level=info msg="----删除用户列表开始-----"
time="2021-03-26T09:45:53+08:00" level=info msg="----查询用户列表开始-----"
time="2021-03-26T09:45:55+08:00" level=info msg="----删除用户列表开始-----"
time="2021-03-26T09:45:55+08:00" level=info msg="----查询用户列表开始-----"
time="2021-03-26T09:45:58+08:00" level=info msg="----删除用户列表开始-----"
time="2021-03-26T09:45:58+08:00" level=info msg="----查询用户列表开始-----"
time="2021-03-26T09:46:25+08:00" level=info msg="----查询用户列表开始-----"
time="2021-03-26T09:46:32+08:00" level=info msg="----查询用户列表开始-----"
time="2021-03-26T09:46:41+08:00" level=info msg="----查询用户开始-----"
time="2021-03-26T09:46:41+08:00" level=info msg="----查询用户列表开始-----"
time="2021-03-26T09:46:47+08:00" level=info msg="----查询用户开始-----"
time="2021-03-26T09:46:47+08:00" level=info msg="----查询用户列表开始-----"
time="2021-03-26T09:46:53+08:00" level=info msg="----查询用户开始-----"
time="2021-03-26T09:46:53+08:00" level=info msg="----查询用户列表开始-----"
time="2021-03-26T09:46:58+08:00" level=info msg="----查询用户开始-----"
time="2021-03-26T09:46:58+08:00" level=info msg="----查询用户列表开始-----"
time="2021-03-26T09:47:03+08:00" level=info msg="----查询用户开始-----"
time="2021-03-26T09:47:03+08:00" level=info msg="----查询用户列表开始-----"
time="2021-03-26T09:47:09+08:00" level=info msg="----查询用户开始-----"
time="2021-03-26T09:47:09+08:00" level=info msg="----查询用户列表开始-----"
time="2021-03-26T09:47:16+08:00" level=info msg="----查询用户开始-----"
time="2021-03-26T09:47:16+08:00" level=info msg="----查询用户列表开始-----"
time="2021-03-26T09:47:23+08:00" level=info msg="----查询用户列表开始-----"
time="2021-03-26T09:48:08+08:00" level=info msg="----查询用户列表开始-----"
time="2021-03-26T09:48:16+08:00" level=info msg="----查询用户列表开始-----"
time="2021-03-26T09:48:26+08:00" level=info msg="----查询用户开始-----"
time="2021-03-26T09:48:26+08:00" level=info msg="----查询用户列表开始-----"
time="2021-03-26T09:48:32+08:00" level=info msg="----查询用户开始-----"
time="2021-03-26T09:48:32+08:00" level=info msg="----查询用户列表开始-----"
time="2021-03-26T09:48:41+08:00" level=info msg="----查询用户开始-----"
time="2021-03-26T09:48:41+08:00" level=info msg="----查询用户列表开始-----"
time="2021-03-26T09:48:48+08:00" level=info msg="----查询用户开始-----"
time="2021-03-26T09:48:48+08:00" level=info msg="----查询用户列表开始-----"
time="2021-03-26T09:49:06+08:00" level=info msg="----查询用户开始-----"
time="2021-03-26T09:49:06+08:00" level=info msg="----查询用户列表开始-----"
time="2021-03-26T09:49:17+08:00" level=info msg="----查询用户开始-----"
time="2021-03-26T09:49:17+08:00" level=info msg="----查询用户列表开始-----"
time="2021-03-26T09:49:27+08:00" level=info msg="----查询用户开始-----"
time="2021-03-26T09:49:27+08:00" level=info msg="----查询用户列表开始-----"
time="2021-03-26T09:49:30+08:00" level=info msg="----查询用户列表开始-----"
time="2021-03-26T09:49:32+08:00" level=info msg="----查询用户列表开始-----"
time="2021-03-26T09:49:34+08:00" level=info msg="----查询用户列表开始-----"
time="2021-03-26T09:50:28+08:00" level=info msg="----查询用户列表开始-----"
time="2021-03-26T09:50:34+08:00" level=info msg="----查询用户列表开始-----"
time="2021-03-26T09:50:35+08:00" level=info msg="----查询用户列表开始-----"
time="2021-03-26T09:50:36+08:00" level=info msg="----查询用户列表开始-----"
time="2021-03-26T09:50:37+08:00" level=info msg="----查询用户列表开始-----"
time="2021-03-26T09:50:37+08:00" level=info msg="----查询用户列表开始-----"
time="2021-03-26T09:50:37+08:00" level=info msg="----查询用户列表开始-----"
time="2021-03-26T09:50:38+08:00" level=info msg="----查询用户列表开始-----"
time="2021-03-26T09:50:38+08:00" level=info msg="----查询用户列表开始-----"
time="2021-03-26T09:50:38+08:00" level=info msg="----查询用户列表开始-----"
time="2021-03-26T09:50:38+08:00" level=info msg="----查询用户列表开始-----"
time="2021-03-26T09:50:39+08:00" level=info msg="----查询用户列表开始-----"
time="2021-03-26T09:50:48+08:00" level=info msg="----查询用户开始-----"
time="2021-03-26T09:50:48+08:00" level=info msg="----查询用户列表开始-----"
time="2021-03-26T09:50:57+08:00" level=info msg="----查询用户开始-----"
time="2021-03-26T09:50:57+08:00" level=info msg="----查询用户列表开始-----"
time="2021-03-26T09:51:41+08:00" level=info msg="----查询用户列表开始-----"
time="2021-03-26T09:51:42+08:00" level=info msg="----查询用户列表开始-----"
time="2021-03-26T09:51:43+08:00" level=info msg="----查询用户列表开始-----"
time="2021-03-26T09:51:43+08:00" level=info msg="----查询用户列表开始-----"
time="2021-03-26T09:51:43+08:00" level=info msg="----查询用户列表开始-----"
time="2021-03-26T09:51:43+08:00" level=info msg="----查询用户列表开始-----"
time="2021-03-26T09:51:43+08:00" level=info msg="----查询用户列表开始-----"
time="2021-03-26T09:51:53+08:00" level=info msg="----查询用户列表开始-----"
time="2021-03-26T09:51:58+08:00" level=info msg="----查询用户列表开始-----"
time="2021-03-26T09:52:39+08:00" level=info msg="----查询用户列表开始-----"
time="2021-03-26T09:52:39+08:00" level=info msg="----查询用户列表开始-----"
time="2021-03-26T09:52:44+08:00" level=info msg="----查询用户列表开始-----"
time="2021-03-26T09:52:44+08:00" level=info msg="----查询用户列表开始-----"
time="2021-03-26T09:56:05+08:00" level=info msg="----查询用户列表开始-----"
time="2021-03-26T09:56:05+08:00" level=info msg="----查询用户列表开始-----"
time="2021-03-26T10:33:03+08:00" level=info msg="----查询用户列表开始-----"
time="2021-03-26T10:33:14+08:00" level=info msg="----查询用户开始-----"
time="2021-03-26T10:33:14+08:00" level=info msg="----查询用户列表开始-----"
time="2021-03-26T10:33:17+08:00" level=info msg="----查询用户列表开始-----"
time="2021-03-26T10:33:28+08:00" level=info msg="----查询用户开始-----"
time="2021-03-26T10:33:28+08:00" level=info msg="----查询用户列表开始-----"
time="2021-03-26T10:33:34+08:00" level=info msg="----查询用户开始-----"
time="2021-03-26T10:33:41+08:00" level=info msg="----查询用户开始-----"
time="2021-03-26T10:33:41+08:00" level=error msg="GetData luaScript failed"
time="2021-03-26T10:33:41+08:00" level=error msg="redis: nil"
time="2021-03-26T10:33:44+08:00" level=info msg="----查询用户列表开始-----"
time="2021-03-26T10:33:54+08:00" level=info msg="----查询用户开始-----"
time="2021-03-26T10:33:54+08:00" level=info msg="----查询用户列表开始-----"
time="2021-03-26T10:33:58+08:00" level=info msg="----查询用户列表开始-----"
time="2021-03-26T10:34:34+08:00" level=info msg="----查询用户列表开始-----"
time="2021-03-26T10:35:19+08:00" level=info msg="----删除用户列表开始-----"
time="2021-03-26T10:35:19+08:00" level=info msg="----查询用户列表开始-----"
